<?xml version="1.0" encoding="UTF-8" ?>
<testsuite tests="2" failures="1" name="junit.GeneradorIpTest" time="0.011" errors="0" skipped="0">
  <properties>
[...]
</properties>
  <testcase classname="junit.GeneradorIpTest" name="junit.GeneradorIpTest.testGenerarIp" time="0.011">
    <failure message="La IP no debe terminar con 0 ==&gt; expected: &lt;false&gt; but was: &lt;true&gt;" type="org.opentest4j.AssertionFailedError">org.opentest4j.AssertionFailedError: La IP no debe terminar con 0 ==&gt; expected: &lt;false&gt; but was: &lt;true&gt;
	at org.junit.jupiter.api.AssertionUtils.fail(AssertionUtils.java:38)
	at org.junit.jupiter.api.AssertFalse.assertFalse(AssertFalse.java:40)
	at org.junit.jupiter.api.Assertions.assertFalse(Assertions.java:193)
	at junit.GeneradorIpTest.testGenerarIp(GeneradorIpTest.java:29)
</failure>
  </testcase>
  <testcase classname="junit.GeneradorIpTest" name="junit.GeneradorIpTest.testGenerarNumero" time="0"/>
</testsuite>